\BOOKMARK [0][-]{chapter*.5}{List of Figures}{}% 1
\BOOKMARK [0][-]{chapter*.6}{List of Tables}{}% 2
\BOOKMARK [0][-]{chapter*.7}{List of Acronyms}{}% 3
\BOOKMARK [0][-]{chapter.1}{Introduction}{}% 4
\BOOKMARK [1][-]{section.1.1}{Motivation}{chapter.1}% 5
\BOOKMARK [1][-]{section.1.2}{Problem Statement}{chapter.1}% 6
\BOOKMARK [1][-]{section.1.3}{Contributions}{chapter.1}% 7
\BOOKMARK [1][-]{section.1.4}{Thesis Organization}{chapter.1}% 8
\BOOKMARK [0][-]{chapter.2}{PCA and SVM for Critical Factors Analysis}{}% 9
\BOOKMARK [0][-]{chapter.3}{Model Order Selection and Eigen Similarity based Framework for Detection and Identification of Network Attacks}{}% 10
\BOOKMARK [1][-]{section.3.1}{Related Works}{chapter.3}% 11
\BOOKMARK [1][-]{section.3.2}{Data Model}{chapter.3}% 12
\BOOKMARK [2][-]{subsection.3.2.1}{Analyzed Scenario and Data Collection}{section.3.2}% 13
\BOOKMARK [2][-]{subsection.3.2.2}{Modeling Data}{section.3.2}% 14
\BOOKMARK [2][-]{subsection.3.2.3}{Synflood, Fraggle and Port scan}{section.3.2}% 15
\BOOKMARK [2][-]{subsection.3.2.4}{The DARPA Dataset}{section.3.2}% 16
\BOOKMARK [1][-]{section.3.3}{Proposed Framework for Detection and Identification of Network Attacks}{chapter.3}% 17
\BOOKMARK [2][-]{subsection.3.3.1}{Largest Eigenvalue by Time Frames}{section.3.3}% 18
\BOOKMARK [2][-]{subsection.3.3.2}{MOS Schemes}{section.3.3}% 19
\BOOKMARK [2][-]{subsection.3.3.3}{Eigenvalue Analysis}{section.3.3}% 20
\BOOKMARK [2][-]{subsection.3.3.4}{Eigen Similarity Analysis}{section.3.3}% 21
\BOOKMARK [3][-]{subsubsection*.8}{Time Similarity Analysis}{subsection.3.3.4}% 22
\BOOKMARK [3][-]{subsubsection*.9}{Port Similarity Analysis}{subsection.3.3.4}% 23
\BOOKMARK [1][-]{section.3.4}{Experiments and Results}{chapter.3}% 24
\BOOKMARK [2][-]{subsection.3.4.1}{Experimental Scenario}{section.3.4}% 25
\BOOKMARK [2][-]{subsection.3.4.2}{Largest Eigenvalues Analysis}{section.3.4}% 26
\BOOKMARK [2][-]{subsection.3.4.3}{MOS Schemes Evaluation}{section.3.4}% 27
\BOOKMARK [2][-]{subsection.3.4.4}{Eigenvalue Analysis}{section.3.4}% 28
\BOOKMARK [2][-]{subsection.3.4.5}{Eigen Similarity Analysis}{section.3.4}% 29
\BOOKMARK [3][-]{subsubsection*.10}{Time Analysis}{subsection.3.4.5}% 30
\BOOKMARK [3][-]{subsubsection*.11}{Port Analysis}{subsection.3.4.5}% 31
\BOOKMARK [2][-]{subsection.3.4.6}{DARPA Scenario}{section.3.4}% 32
\BOOKMARK [1][-]{section.3.5}{Performance Evaluation}{chapter.3}% 33
\BOOKMARK [2][-]{subsection.3.5.1}{Complexity Analysis}{section.3.5}% 34
\BOOKMARK [2][-]{subsection.3.5.2}{Processing Time Analysis}{section.3.5}% 35
\BOOKMARK [1][-]{section.3.6}{Conclusion and Future Works}{chapter.3}% 36
\BOOKMARK [0][-]{chapter.4}{Offline Mode for Corporate Mobile Client Security Architecture}{}% 37
\BOOKMARK [1][-]{section.4.1}{Introduction}{chapter.4}% 38
\BOOKMARK [1][-]{section.4.2}{Related works}{chapter.4}% 39
\BOOKMARK [1][-]{section.4.3}{The mobile security architecture}{chapter.4}% 40
\BOOKMARK [1][-]{section.4.4}{The proposed solution for offline mobile security}{chapter.4}% 41
\BOOKMARK [2][-]{subsection.4.4.1}{Offline mode workflow}{section.4.4}% 42
\BOOKMARK [2][-]{subsection.4.4.2}{Offline Behavioral Analysis}{section.4.4}% 43
\BOOKMARK [1][-]{section.4.5}{The algorithms, key usage and data protection methods}{chapter.4}% 44
\BOOKMARK [2][-]{subsection.4.5.1}{AES file encryption }{section.4.5}% 45
\BOOKMARK [2][-]{subsection.4.5.2}{ABE encryption to protect the FILE\137KEY }{section.4.5}% 46
\BOOKMARK [2][-]{subsection.4.5.3}{Secret sharing scheme to protect the key storage }{section.4.5}% 47
\BOOKMARK [2][-]{subsection.4.5.4}{MOS for Threat Intelligence}{section.4.5}% 48
\BOOKMARK [1][-]{section.4.6}{Results and analysis}{chapter.4}% 49
\BOOKMARK [2][-]{subsection.4.6.1}{Security analysis}{section.4.6}% 50
\BOOKMARK [3][-]{subsubsection*.12}{Adversary model}{subsection.4.6.1}% 51
\BOOKMARK [3][-]{subsubsection*.13}{Security analysis}{subsection.4.6.1}% 52
\BOOKMARK [3][-]{subsubsection*.14}{Common threat scenarios}{subsection.4.6.1}% 53
\BOOKMARK [3][-]{subsubsection*.15}{Data Modeling for Behavioral Analysis }{subsection.4.6.1}% 54
\BOOKMARK [2][-]{subsection.4.6.2}{Complexity analysis}{section.4.6}% 55
\BOOKMARK [1][-]{section.4.7}{Conclusion and future work}{chapter.4}% 56
\BOOKMARK [0][-]{chapter.5}{Tensor-Based Discriminative Dictionary Learning}{}% 57
\BOOKMARK [0][-]{chapter.6}{Conclusion and Future Work}{}% 58
\BOOKMARK [1][-]{section.6.1}{Conclusion}{chapter.6}% 59
\BOOKMARK [1][-]{section.6.2}{Contributions}{chapter.6}% 60
\BOOKMARK [2][-]{subsection.6.2.1}{Lessons Learned}{section.6.2}% 61
\BOOKMARK [1][-]{section.6.3}{Future Work}{chapter.6}% 62
\BOOKMARK [0][-]{section.6.3}{Bibliography}{}% 63
