[demo] FDDL execution
[FDDL] Train Data Size: 300 700 
[FDDL] Train Label Size: 1 700 
[FDDL] Classes: 100
[FDDL] initialize dict
[FDDL] initialize coef without between-class scatter
[FDDL] Coef Size: 700 700 
[FDDL] InitCoef:  Class 1 of 100
[FDDL] InitCoef:  Class 2 of 100
[FDDL] InitCoef:  Class 3 of 100
[FDDL] InitCoef:  Class 4 of 100
[FDDL] InitCoef:  Class 5 of 100
[FDDL] InitCoef:  Class 6 of 100
[FDDL] InitCoef:  Class 7 of 100
[FDDL] InitCoef:  Class 8 of 100
[FDDL] InitCoef:  Class 9 of 100
[FDDL] InitCoef:  Class 10 of 100
[FDDL] InitCoef:  Class 11 of 100
[FDDL] InitCoef:  Class 12 of 100
[FDDL] InitCoef:  Class 13 of 100
[FDDL] InitCoef:  Class 14 of 100
[FDDL] InitCoef:  Class 15 of 100
[FDDL] InitCoef:  Class 16 of 100
[FDDL] InitCoef:  Class 17 of 100
[FDDL] InitCoef:  Class 18 of 100
[FDDL] InitCoef:  Class 19 of 100
[FDDL] InitCoef:  Class 20 of 100
[FDDL] InitCoef:  Class 21 of 100
[FDDL] InitCoef:  Class 22 of 100
[FDDL] InitCoef:  Class 23 of 100
[FDDL] InitCoef:  Class 24 of 100
[FDDL] InitCoef:  Class 25 of 100
[FDDL] InitCoef:  Class 26 of 100
[FDDL] InitCoef:  Class 27 of 100
[FDDL] InitCoef:  Class 28 of 100
[FDDL] InitCoef:  Class 29 of 100
[FDDL] InitCoef:  Class 30 of 100
[FDDL] InitCoef:  Class 31 of 100
[FDDL] InitCoef:  Class 32 of 100
[FDDL] InitCoef:  Class 33 of 100
[FDDL] InitCoef:  Class 34 of 100
[FDDL] InitCoef:  Class 35 of 100
[FDDL] InitCoef:  Class 36 of 100
[FDDL] InitCoef:  Class 37 of 100
[FDDL] InitCoef:  Class 38 of 100
[FDDL] InitCoef:  Class 39 of 100
[FDDL] InitCoef:  Class 40 of 100
[FDDL] InitCoef:  Class 41 of 100
[FDDL] InitCoef:  Class 42 of 100
[FDDL] InitCoef:  Class 43 of 100
[FDDL] InitCoef:  Class 44 of 100
[FDDL] InitCoef:  Class 45 of 100
[FDDL] InitCoef:  Class 46 of 100
[FDDL] InitCoef:  Class 47 of 100
[FDDL] InitCoef:  Class 48 of 100
[FDDL] InitCoef:  Class 49 of 100
[FDDL] InitCoef:  Class 50 of 100
[FDDL] InitCoef:  Class 51 of 100
[FDDL] InitCoef:  Class 52 of 100
[FDDL] InitCoef:  Class 53 of 100
[FDDL] InitCoef:  Class 54 of 100
[FDDL] InitCoef:  Class 55 of 100
[FDDL] InitCoef:  Class 56 of 100
[FDDL] InitCoef:  Class 57 of 100
[FDDL] InitCoef:  Class 58 of 100
[FDDL] InitCoef:  Class 59 of 100
[FDDL] InitCoef:  Class 60 of 100
[FDDL] InitCoef:  Class 61 of 100
[FDDL] InitCoef:  Class 62 of 100
[FDDL] InitCoef:  Class 63 of 100
[FDDL] InitCoef:  Class 64 of 100
[FDDL] InitCoef:  Class 65 of 100
[FDDL] InitCoef:  Class 66 of 100
[FDDL] InitCoef:  Class 67 of 100
[FDDL] InitCoef:  Class 68 of 100
[FDDL] InitCoef:  Class 69 of 100
[FDDL] InitCoef:  Class 70 of 100
[FDDL] InitCoef:  Class 71 of 100
[FDDL] InitCoef:  Class 72 of 100
[FDDL] InitCoef:  Class 73 of 100
[FDDL] InitCoef:  Class 74 of 100
[FDDL] InitCoef:  Class 75 of 100
[FDDL] InitCoef:  Class 76 of 100
[FDDL] InitCoef:  Class 77 of 100
[FDDL] InitCoef:  Class 78 of 100
[FDDL] InitCoef:  Class 79 of 100
[FDDL] InitCoef:  Class 80 of 100
[FDDL] InitCoef:  Class 81 of 100
[FDDL] InitCoef:  Class 82 of 100
[FDDL] InitCoef:  Class 83 of 100
[FDDL] InitCoef:  Class 84 of 100
[FDDL] InitCoef:  Class 85 of 100
[FDDL] InitCoef:  Class 86 of 100
[FDDL] InitCoef:  Class 87 of 100
[FDDL] InitCoef:  Class 88 of 100
[FDDL] InitCoef:  Class 89 of 100
[FDDL] InitCoef:  Class 90 of 100
[FDDL] InitCoef:  Class 91 of 100
[FDDL] InitCoef:  Class 92 of 100
[FDDL] InitCoef:  Class 93 of 100
[FDDL] InitCoef:  Class 94 of 100
[FDDL] InitCoef:  Class 95 of 100
[FDDL] InitCoef:  Class 96 of 100
[FDDL] InitCoef:  Class 97 of 100
[FDDL] InitCoef:  Class 98 of 100
[FDDL] InitCoef:  Class 99 of 100
[FDDL] InitCoef:  Class 100 of 100
[FDDL] Main loop of Fisher Discriminative Dictionary Learning
[FDDL] Main Loop: 1 of 15
[FDDL] Updating coefficients, class: 1 of 100
[FDDL] Updating coefficients, class: 2 of 100
[FDDL] Updating coefficients, class: 3 of 100
[FDDL] Updating coefficients, class: 4 of 100
