This is pdfTeX, Version 3.1415926-2.5-1.40.14 (TeX Live 2013/Debian) (format=pdflatex 2016.11.1)  9 JAN 2017 13:41
entering extended mode
 restricted \write18 enabled.
 %&-line parsing enabled.
**2016MONE.baseline.diff.blue.tex
(./2016MONE.baseline.diff.blue.tex
LaTeX2e <2011/06/27>
Babel <3.9h> and hyphenation patterns for 78 languages loaded.
(/usr/share/texlive/texmf-dist/tex/latex/base/fix-cm.sty
Package: fix-cm 2006/09/13 v1.1m fixes to LaTeX

(/usr/share/texlive/texmf-dist/tex/latex/base/ts1enc.def
File: ts1enc.def 2001/06/05 v3.0e (jk/car/fm) Standard LaTeX file
)) (./svjour3.cls
Document Class: svjour3 2010/11/25 v3.3 
LaTeX document class for Springer journals
(/usr/share/texlive/texmf-dist/tex/latex/base/fleqn.clo
File: fleqn.clo 1998/08/17 v1.1c Standard LaTeX option (flush left equations)
\mathindent=\dimen102
)
Class Springer-SVJour3 Info: extra/valid Springer sub-package (-> *.clo) 
(Springer-SVJour3)           not found in option list of \documentclass
(Springer-SVJour3)           - autoactivating "global" style.
 (./svglov3.clo
File: svglov3.clo 2009/12/18 v3.2 style option for standardised journals

SVJour Class option: svglov3.clo for standardised journals
)
LaTeX Font Info:    Redeclaring math symbol \Gamma on input line 147.
LaTeX Font Info:    Redeclaring math symbol \Delta on input line 148.
LaTeX Font Info:    Redeclaring math symbol \Theta on input line 149.
LaTeX Font Info:    Redeclaring math symbol \Lambda on input line 150.
LaTeX Font Info:    Redeclaring math symbol \Xi on input line 151.
LaTeX Font Info:    Redeclaring math symbol \Pi on input line 152.
LaTeX Font Info:    Redeclaring math symbol \Sigma on input line 153.
LaTeX Font Info:    Redeclaring math symbol \Upsilon on input line 154.
LaTeX Font Info:    Redeclaring math symbol \Phi on input line 155.
LaTeX Font Info:    Redeclaring math symbol \Psi on input line 156.
LaTeX Font Info:    Redeclaring math symbol \Omega on input line 157.
\logodepth=\dimen103
\headerboxheight=\dimen104
\betweenumberspace=\dimen105
\aftertext=\dimen106
\headlineindent=\dimen107
\c@inst=\count79
\c@auth=\count80
\instindent=\dimen108
\authrun=\box26
\authorrunning=\toks14
\titrun=\box27
\titlerunning=\toks15
\combirun=\box28
\c@lastpage=\count81
\rubricwidth=\dimen109
\c@section=\count82
\c@subsection=\count83
\c@subsubsection=\count84
\c@paragraph=\count85
\c@subparagraph=\count86
\spthmsep=\dimen110
\c@theorem=\count87
\c@case=\count88
\c@conjecture=\count89
\c@corollary=\count90
\c@definition=\count91
\c@example=\count92
\c@exercise=\count93
\c@lemma=\count94
\c@note=\count95
\c@problem=\count96
\c@property=\count97
\c@proposition=\count98
\c@question=\count99
\c@solution=\count100
\c@remark=\count101
\c@figure=\count102
\c@table=\count103
\abovecaptionskip=\skip41
\belowcaptionskip=\skip42
\figcapgap=\dimen111
\tabcapgap=\dimen112
\figgap=\dimen113
\bibindent=\dimen114
\@tempcntc=\count104
) (/usr/share/texlive/texmf-dist/tex/latex/base/inputenc.sty
Package: inputenc 2008/03/30 v1.1d Input encoding file
\inpenc@prehook=\toks16
\inpenc@posthook=\toks17

(/usr/share/texlive/texmf-dist/tex/latex/ucs/utf8x.def
File: utf8x.def 2004/10/17 UCS: Input encoding UTF-8
))
(/usr/share/texlive/texmf-dist/tex/latex/ucs/ucs.sty
Package: ucs 2013/05/11 v2.2 UCS: Unicode input support

(/usr/share/texlive/texmf-dist/tex/latex/ucs/data/uni-global.def
File: uni-global.def 2013/05/13 UCS: Unicode global data
)
\uc@secondtry=\count105
\uc@combtoks=\toks18
\uc@combtoksb=\toks19
\uc@temptokena=\toks20
)
(/usr/share/texlive/texmf-dist/tex/latex/enumitem/enumitem.sty
Package: enumitem 2011/09/28 v3.5.2 Customized lists
\enitkv@toks@=\toks21
\labelindent=\skip43
\enit@outerparindent=\dimen115
\enit@toks=\toks22
\enit@inbox=\box29
\enitdp@description=\count106
)
\c@thm=\count107

(/usr/share/texlive/texmf-dist/tex/latex/graphics/color.sty
Package: color 2005/11/14 v1.0j Standard LaTeX Color (DPC)

(/usr/share/texlive/texmf-dist/tex/latex/latexconfig/color.cfg
File: color.cfg 2007/01/18 v1.5 color configuration of teTeX/TeXLive
)
Package color Info: Driver file: pdftex.def on input line 130.

(/usr/share/texlive/texmf-dist/tex/latex/pdftex-def/pdftex.def
File: pdftex.def 2011/05/27 v0.06d Graphics/color for pdfTeX

(/usr/share/texlive/texmf-dist/tex/generic/oberdiek/infwarerr.sty
Package: infwarerr 2010/04/08 v1.3 Providing info/warning/error messages (HO)
)
(/usr/share/texlive/texmf-dist/tex/generic/oberdiek/ltxcmds.sty
Package: ltxcmds 2011/11/09 v1.22 LaTeX kernel commands for general use (HO)
)
\Gread@gobject=\count108
))
(/usr/share/texlive/texmf-dist/tex/latex/colortbl/colortbl.sty
Package: colortbl 2012/02/13 v1.0a Color table columns (DPC)

(/usr/share/texlive/texmf-dist/tex/latex/tools/array.sty
Package: array 2008/09/09 v2.4c Tabular extension package (FMi)
\col@sep=\dimen116
\extrarowheight=\dimen117
\NC@list=\toks23
\extratabsurround=\skip44
\backup@length=\skip45
)
\everycr=\toks24
\minrowclearance=\skip46
)
(/usr/share/texlive/texmf-dist/tex/latex/amsfonts/amsfonts.sty
Package: amsfonts 2013/01/14 v3.01 Basic AMSFonts support
\@emptytoks=\toks25
\symAMSa=\mathgroup4
\symAMSb=\mathgroup5
LaTeX Font Info:    Overwriting math alphabet `\mathfrak' in version `bold'
(Font)                  U/euf/m/n --> U/euf/b/n on input line 106.
)
(/usr/share/texlive/texmf-dist/tex/latex/amsmath/amsmath.sty
Package: amsmath 2013/01/14 v2.14 AMS math features
\@mathmargin=\skip47

For additional information on amsmath, use the `?' option.
(/usr/share/texlive/texmf-dist/tex/latex/amsmath/amstext.sty
Package: amstext 2000/06/29 v2.01

(/usr/share/texlive/texmf-dist/tex/latex/amsmath/amsgen.sty
File: amsgen.sty 1999/11/30 v2.0
\@emptytoks=\toks26
\ex@=\dimen118
))
(/usr/share/texlive/texmf-dist/tex/latex/amsmath/amsbsy.sty
Package: amsbsy 1999/11/29 v1.2d
\pmbraise@=\dimen119
)
(/usr/share/texlive/texmf-dist/tex/latex/amsmath/amsopn.sty
Package: amsopn 1999/12/14 v2.01 operator names
)
\inf@bad=\count109
LaTeX Info: Redefining \frac on input line 210.
\uproot@=\count110
\leftroot@=\count111
LaTeX Info: Redefining \overline on input line 306.
\classnum@=\count112
\DOTSCASE@=\count113
LaTeX Info: Redefining \ldots on input line 378.
LaTeX Info: Redefining \dots on input line 381.
LaTeX Info: Redefining \cdots on input line 466.
\Mathstrutbox@=\box30
\strutbox@=\box31
\big@size=\dimen120
LaTeX Font Info:    Redeclaring font encoding OML on input line 566.
LaTeX Font Info:    Redeclaring font encoding OMS on input line 567.


Package amsmath Warning: Unable to redefine math accent \vec.

\macc@depth=\count114
\c@MaxMatrixCols=\count115
\dotsspace@=\muskip10
\c@parentequation=\count116
\dspbrk@lvl=\count117
\tag@help=\toks27
\row@=\count118
\column@=\count119
\maxfields@=\count120
\andhelp@=\toks28
\eqnshift@=\dimen121
\alignsep@=\dimen122
\tagshift@=\dimen123
\tagwidth@=\dimen124
\totwidth@=\dimen125
\lineht@=\dimen126
\@envbody=\toks29
\multlinegap=\skip48
\multlinetaggap=\skip49
\mathdisplay@stack=\toks30
LaTeX Info: Redefining \[ on input line 2665.
LaTeX Info: Redefining \] on input line 2666.
) (/usr/share/texlive/texmf-dist/tex/latex/graphics/graphicx.sty
Package: graphicx 1999/02/16 v1.0f Enhanced LaTeX Graphics (DPC,SPQR)

(/usr/share/texlive/texmf-dist/tex/latex/graphics/keyval.sty
Package: keyval 1999/03/16 v1.13 key=value parser (DPC)
\KV@toks@=\toks31
)
(/usr/share/texlive/texmf-dist/tex/latex/graphics/graphics.sty
Package: graphics 2009/02/05 v1.0o Standard LaTeX Graphics (DPC,SPQR)

(/usr/share/texlive/texmf-dist/tex/latex/graphics/trig.sty
Package: trig 1999/03/16 v1.09 sin cos tan (DPC)
)
(/usr/share/texlive/texmf-dist/tex/latex/latexconfig/graphics.cfg
File: graphics.cfg 2010/04/23 v1.9 graphics configuration of TeX Live
)
Package graphics Info: Driver file: pdftex.def on input line 91.
)
\Gin@req@height=\dimen127
\Gin@req@width=\dimen128
)
(/usr/share/texlive/texmf-dist/tex/latex/oberdiek/epstopdf.sty
Package: epstopdf 2010/02/09 v2.5 Conversion with epstopdf on the fly (HO)

(/usr/share/texlive/texmf-dist/tex/latex/oberdiek/epstopdf-base.sty
Package: epstopdf-base 2010/02/09 v2.5 Base part for package epstopdf

(/usr/share/texlive/texmf-dist/tex/latex/oberdiek/grfext.sty
Package: grfext 2010/08/19 v1.1 Manage graphics extensions (HO)

(/usr/share/texlive/texmf-dist/tex/generic/oberdiek/kvdefinekeys.sty
Package: kvdefinekeys 2011/04/07 v1.3 Define keys (HO)
))
(/usr/share/texlive/texmf-dist/tex/latex/oberdiek/kvoptions.sty
Package: kvoptions 2011/06/30 v3.11 Key value format for package options (HO)

(/usr/share/texlive/texmf-dist/tex/generic/oberdiek/kvsetkeys.sty
Package: kvsetkeys 2012/04/25 v1.16 Key value parser (HO)

(/usr/share/texlive/texmf-dist/tex/generic/oberdiek/etexcmds.sty
Package: etexcmds 2011/02/16 v1.5 Avoid name clashes with e-TeX commands (HO)

(/usr/share/texlive/texmf-dist/tex/generic/oberdiek/ifluatex.sty
Package: ifluatex 2010/03/01 v1.3 Provides the ifluatex switch (HO)
Package ifluatex Info: LuaTeX not detected.
)
Package etexcmds Info: Could not find \expanded.
(etexcmds)             That can mean that you are not using pdfTeX 1.50 or
(etexcmds)             that some package has redefined \expanded.
(etexcmds)             In the latter case, load this package earlier.
)))
(/usr/share/texlive/texmf-dist/tex/generic/oberdiek/pdftexcmds.sty
Package: pdftexcmds 2011/11/29 v0.20 Utility functions of pdfTeX for LuaTeX (HO
)

(/usr/share/texlive/texmf-dist/tex/generic/oberdiek/ifpdf.sty
Package: ifpdf 2011/01/30 v2.3 Provides the ifpdf switch (HO)
Package ifpdf Info: pdfTeX in PDF mode is detected.
)
Package pdftexcmds Info: LuaTeX not detected.
Package pdftexcmds Info: \pdf@primitive is available.
Package pdftexcmds Info: \pdf@ifprimitive is available.
Package pdftexcmds Info: \pdfdraftmode found.
)
Package grfext Info: Graphics extension search list:
(grfext)             [.png,.pdf,.jpg,.mps,.jpeg,.jbig2,.jb2,.PNG,.PDF,.JPG,.JPE
G,.JBIG2,.JB2,.eps]
(grfext)             \AppendGraphicsExtensions on input line 452.

(/usr/share/texlive/texmf-dist/tex/latex/latexconfig/epstopdf-sys.cfg
File: epstopdf-sys.cfg 2010/07/13 v1.3 Configuration of (r)epstopdf for TeX Liv
e
)))
(/usr/share/texlive/texmf-dist/tex/latex/natbib/natbib.sty
Package: natbib 2010/09/13 8.31b (PWD, AO)
\bibhang=\skip50
\bibsep=\skip51
LaTeX Info: Redefining \cite on input line 694.
\c@NAT@ctr=\count121
)
(/usr/share/texlive/texmf-dist/tex/latex/url/url.sty
\Urlmuskip=\muskip11
Package: url 2013/09/16  ver 3.4  Verb mode for urls, etc.
)
(/usr/share/texlive/texmf-dist/tex/latex/hyperref/hyperref.sty
Package: hyperref 2012/11/06 v6.83m Hypertext links for LaTeX

(/usr/share/texlive/texmf-dist/tex/generic/oberdiek/hobsub-hyperref.sty
Package: hobsub-hyperref 2012/05/28 v1.13 Bundle oberdiek, subset hyperref (HO)


(/usr/share/texlive/texmf-dist/tex/generic/oberdiek/hobsub-generic.sty
Package: hobsub-generic 2012/05/28 v1.13 Bundle oberdiek, subset generic (HO)
Package: hobsub 2012/05/28 v1.13 Construct package bundles (HO)
Package hobsub Info: Skipping package `infwarerr' (already loaded).
Package hobsub Info: Skipping package `ltxcmds' (already loaded).
Package hobsub Info: Skipping package `ifluatex' (already loaded).
Package: ifvtex 2010/03/01 v1.5 Detect VTeX and its facilities (HO)
Package ifvtex Info: VTeX not detected.
Package: intcalc 2007/09/27 v1.1 Expandable calculations with integers (HO)
Package hobsub Info: Skipping package `ifpdf' (already loaded).
Package hobsub Info: Skipping package `etexcmds' (already loaded).
Package hobsub Info: Skipping package `kvsetkeys' (already loaded).
Package hobsub Info: Skipping package `kvdefinekeys' (already loaded).
Package hobsub Info: Skipping package `pdftexcmds' (already loaded).
Package: pdfescape 2011/11/25 v1.13 Implements pdfTeX's escape features (HO)
Package: bigintcalc 2012/04/08 v1.3 Expandable calculations on big integers (HO
)
Package: bitset 2011/01/30 v1.1 Handle bit-vector datatype (HO)
Package: uniquecounter 2011/01/30 v1.2 Provide unlimited unique counter (HO)
)
Package hobsub Info: Skipping package `hobsub' (already loaded).
Package: letltxmacro 2010/09/02 v1.4 Let assignment for LaTeX macros (HO)
Package: hopatch 2012/05/28 v1.2 Wrapper for package hooks (HO)
Package: xcolor-patch 2011/01/30 xcolor patch
Package: atveryend 2011/06/30 v1.8 Hooks at the very end of document (HO)
Package atveryend Info: \enddocument detected (standard20110627).
Package: atbegshi 2011/10/05 v1.16 At begin shipout hook (HO)
Package: refcount 2011/10/16 v3.4 Data extraction from label references (HO)
Package: hycolor 2011/01/30 v1.7 Color options for hyperref/bookmark (HO)
)
(/usr/share/texlive/texmf-dist/tex/generic/ifxetex/ifxetex.sty
Package: ifxetex 2010/09/12 v0.6 Provides ifxetex conditional
)
(/usr/share/texlive/texmf-dist/tex/latex/oberdiek/auxhook.sty
Package: auxhook 2011/03/04 v1.3 Hooks for auxiliary files (HO)
)
\@linkdim=\dimen129
\Hy@linkcounter=\count122
\Hy@pagecounter=\count123

(/usr/share/texlive/texmf-dist/tex/latex/hyperref/pd1enc.def
File: pd1enc.def 2012/11/06 v6.83m Hyperref: PDFDocEncoding definition (HO)
)
\Hy@SavedSpaceFactor=\count124

(/usr/share/texlive/texmf-dist/tex/latex/latexconfig/hyperref.cfg
File: hyperref.cfg 2002/06/06 v1.2 hyperref configuration of TeXLive
)
Package hyperref Info: Hyper figures OFF on input line 4443.
Package hyperref Info: Link nesting OFF on input line 4448.
Package hyperref Info: Hyper index ON on input line 4451.
Package hyperref Info: Plain pages OFF on input line 4458.
Package hyperref Info: Backreferencing OFF on input line 4463.
Package hyperref Info: Implicit mode ON; LaTeX internals redefined.
Package hyperref Info: Bookmarks ON on input line 4688.
\c@Hy@tempcnt=\count125
LaTeX Info: Redefining \url on input line 5041.
\XeTeXLinkMargin=\dimen130
\Fld@menulength=\count126
\Field@Width=\dimen131
\Fld@charsize=\dimen132
Package hyperref Info: Hyper figures OFF on input line 6295.
Package hyperref Info: Link nesting OFF on input line 6300.
Package hyperref Info: Hyper index ON on input line 6303.
Package hyperref Info: backreferencing OFF on input line 6310.
Package hyperref Info: Link coloring OFF on input line 6315.
Package hyperref Info: Link coloring with OCG OFF on input line 6320.
Package hyperref Info: PDF/A mode OFF on input line 6325.
LaTeX Info: Redefining \ref on input line 6365.
LaTeX Info: Redefining \pageref on input line 6369.
\Hy@abspage=\count127
\c@Item=\count128
\c@Hfootnote=\count129
)

Package hyperref Message: Driver (autodetected): hpdftex.

(/usr/share/texlive/texmf-dist/tex/latex/hyperref/hpdftex.def
File: hpdftex.def 2012/11/06 v6.83m Hyperref driver for pdfTeX
\Fld@listcount=\count130
\c@bookmark@seq@number=\count131

(/usr/share/texlive/texmf-dist/tex/latex/oberdiek/rerunfilecheck.sty
Package: rerunfilecheck 2011/04/15 v1.7 Rerun checks for auxiliary files (HO)
Package uniquecounter Info: New unique counter `rerunfilecheck' on input line 2
82.
)
\Hy@SectionHShift=\skip52
)
Package hyperref Info: Option `breaklinks' set `true' on input line 48.

(/usr/share/texlive/texmf-dist/tex/generic/ulem/ulem.sty
\UL@box=\box32
\UL@hyphenbox=\box33
\UL@skip=\skip53
\UL@hook=\toks32
\UL@height=\dimen133
\UL@pe=\count132
\UL@pixel=\dimen134
\ULC@box=\box34
Package: ulem 2012/05/18
\ULdepth=\dimen135
)
(./2016MONE.baseline.diff.blue.aux

LaTeX Warning: Label `eq:eq09' multiply defined.


LaTeX Warning: Label `sec_sec_analysis' multiply defined.

)
\openout1 = `2016MONE.baseline.diff.blue.aux'.

LaTeX Font Info:    Checking defaults for OML/cmm/m/it on input line 76.
LaTeX Font Info:    ... okay on input line 76.
LaTeX Font Info:    Checking defaults for T1/cmr/m/n on input line 76.
LaTeX Font Info:    ... okay on input line 76.
LaTeX Font Info:    Checking defaults for OT1/cmr/m/n on input line 76.
LaTeX Font Info:    ... okay on input line 76.
LaTeX Font Info:    Checking defaults for OMS/cmsy/m/n on input line 76.
LaTeX Font Info:    ... okay on input line 76.
LaTeX Font Info:    Checking defaults for OMX/cmex/m/n on input line 76.
LaTeX Font Info:    ... okay on input line 76.
LaTeX Font Info:    Checking defaults for U/cmr/m/n on input line 76.
LaTeX Font Info:    ... okay on input line 76.
LaTeX Font Info:    Checking defaults for TS1/cmr/m/n on input line 76.
LaTeX Font Info:    ... okay on input line 76.
LaTeX Font Info:    Checking defaults for PD1/pdf/m/n on input line 76.
LaTeX Font Info:    ... okay on input line 76.

Unknown journal: specify \journalname{<name of your journal>} in preambel

(/usr/share/texlive/texmf-dist/tex/latex/ucs/ucsencs.def
File: ucsencs.def 2011/01/21 Fixes to fontencodings LGR, T3
)
(/usr/share/texlive/texmf-dist/tex/context/base/supp-pdf.mkii
[Loading MPS to PDF converter (version 2006.09.02).]
\scratchcounter=\count133
\scratchdimen=\dimen136
\scratchbox=\box35
\nofMPsegments=\count134
\nofMParguments=\count135
\everyMPshowfont=\toks33
\MPscratchCnt=\count136
\MPscratchDim=\dimen137
\MPnumerator=\count137
\makeMPintoPDFobject=\count138
\everyMPtoPDFconversion=\toks34
)
\AtBeginShipoutBox=\box36
Package hyperref Info: Link coloring OFF on input line 76.
 (/usr/share/texlive/texmf-dist/tex/latex/hyperref/nameref.sty
Package: nameref 2012/10/27 v2.43 Cross-referencing by name of section

(/usr/share/texlive/texmf-dist/tex/generic/oberdiek/gettitlestring.sty
Package: gettitlestring 2010/12/03 v1.4 Cleanup title references (HO)
)
\c@section@level=\count139
)
LaTeX Info: Redefining \ref on input line 76.
LaTeX Info: Redefining \pageref on input line 76.
LaTeX Info: Redefining \nameref on input line 76.

(./2016MONE.baseline.diff.blue.out) (./2016MONE.baseline.diff.blue.out)
\@outlinefile=\write3
\openout3 = `2016MONE.baseline.diff.blue.out'.


SVJour3 warning: Missing \journalname
(/usr/share/texlive/texmf-dist/tex/latex/ucs/data/uni-0.def
File: uni-0.def 2013/05/13 UCS: Unicode data U+0000..U+00FF
)
LaTeX Font Info:    Try loading font information for U+msa on input line 114.

(/usr/share/texlive/texmf-dist/tex/latex/amsfonts/umsa.fd
File: umsa.fd 2013/01/14 v3.01 AMS symbols A
)
LaTeX Font Info:    Try loading font information for U+msb on input line 114.

(/usr/share/texlive/texmf-dist/tex/latex/amsfonts/umsb.fd
File: umsb.fd 2013/01/14 v3.01 AMS symbols B
)
LaTeX Font Info:    Calculating math sizes for size <8.5> on input line 114.
 [1{/var/lib/texmf/fonts/map/pdftex/updmap/pdftex.map}


]
Overfull \hbox (4.14636pt too wide) in paragraph at lines 132--133
\OT1/cmr/m/n/10 shar-ing (SSS) [[]] and Attribute-based En-cryp-tion (ABE)
 []

[2]
Package epstopdf Info: Source file: <fig01.eps>
(epstopdf)                    date: 2016-09-30 00:53:16
(epstopdf)                    size: 250487 bytes
(epstopdf)             Output file: <fig01-eps-converted-to.pdf>
(epstopdf)                    date: 2016-09-30 00:53:16
(epstopdf)                    size: 70642 bytes
(epstopdf)             Command: <repstopdf --outfile=fig01-eps-converted-to.pdf
 fig01.eps>
(epstopdf)             \includegraphics on input line 166.
Package epstopdf Info: Output file is already uptodate.
 <fig01-eps-converted-to.pdf, id=117, 303.1325pt x 471.7625pt>
File: fig01-eps-converted-to.pdf Graphic file (type pdf)

<use fig01-eps-converted-to.pdf>
Package pdftex.def Info: fig01-eps-converted-to.pdf used on input line 166.
(pdftex.def)             Requested size: 142.26378pt x 221.40446pt.

(/usr/share/texlive/texmf-dist/tex/latex/ucs/data/uni-32.def
File: uni-32.def 2013/05/13 UCS: Unicode data U+2000..U+20FF
)
Overfull \hbox (17.31403pt too wide) in paragraph at lines 171--173
|   []   |   []   |   []   |   []   |   []   |   []   |   []   |   []
 []


Overfull \hbox (10.06396pt too wide) in paragraph at lines 174--175
[]|   []   |   []   |   []   |   []   |   []   |   []   |   []
 []


Overfull \hbox (2.98071pt too wide) in paragraph at lines 174--175
|   []   |   []   |   []   |   []   |   []   |   []   |   []   |   []
 []


Overfull \hbox (13.59186pt too wide) in paragraph at lines 174--175
|   []   |   []   |   []   |   []   |   []   |   []   |   []   |   []   |   []
 []

Package epstopdf Info: Source file: <fig02.eps>
(epstopdf)                    date: 2016-09-30 00:53:16
(epstopdf)                    size: 325179 bytes
(epstopdf)             Output file: <fig02-eps-converted-to.pdf>
(epstopdf)                    date: 2016-09-30 00:53:16
(epstopdf)                    size: 92982 bytes
(epstopdf)             Command: <repstopdf --outfile=fig02-eps-converted-to.pdf
 fig02.eps>
(epstopdf)             \includegraphics on input line 178.
Package epstopdf Info: Output file is already uptodate.
<fig02-eps-converted-to.pdf, id=120, 551.05875pt x 422.57875pt>
File: fig02-eps-converted-to.pdf Graphic file (type pdf)

<use fig02-eps-converted-to.pdf>
Package pdftex.def Info: fig02-eps-converted-to.pdf used on input line 178.
(pdftex.def)             Requested size: 227.62204pt x 174.55446pt.


LaTeX Warning: `!h' float specifier changed to `!ht'.

[3 <./fig01-eps-converted-to.pdf>]
Package epstopdf Info: Source file: <fig03.eps>
(epstopdf)                    date: 2016-09-30 00:53:16
(epstopdf)                    size: 200440 bytes
(epstopdf)             Output file: <fig03-eps-converted-to.pdf>
(epstopdf)                    date: 2016-09-30 00:53:16
(epstopdf)                    size: 54644 bytes
(epstopdf)             Command: <repstopdf --outfile=fig03-eps-converted-to.pdf
 fig03.eps>
(epstopdf)             \includegraphics on input line 220.
Package epstopdf Info: Output file is already uptodate.

<fig03-eps-converted-to.pdf, id=141, 656.4525pt x 209.78375pt>
File: fig03-eps-converted-to.pdf Graphic file (type pdf)

<use fig03-eps-converted-to.pdf>
Package pdftex.def Info: fig03-eps-converted-to.pdf used on input line 220.
(pdftex.def)             Requested size: 227.62204pt x 72.74037pt.
 [4 <./fig02-eps-converted-to.pdf>]
Overfull \hbox (2.06401pt too wide) in paragraph at lines 229--230
\OT1/cmr/m/n/10 mon-i-tor-ing the sys-tem in the case of the of-fline mode.
 []


Overfull \hbox (3.6195pt too wide) in paragraph at lines 229--230
\OT1/cmr/m/n/10 ap-pli-ca-tion on resource-constrained sce-nar-ios. There-
 []


Overfull \hbox (1.34177pt too wide) in paragraph at lines 229--230
\OT1/cmr/m/n/10 bile client se-cu-rity, for eval-u-at-ing anoma-lies on user's
 []


Overfull \hbox (16.86963pt too wide) in paragraph at lines 229--230
|   []   |   []   |   []   |   []   |   []   |   []
 []


Overfull \hbox (3.11963pt too wide) in paragraph at lines 230--231
\OT1/cmr/m/n/10 tions for main-tain-ing the key ex-piry pe-riod and delet-
 []

Package epstopdf Info: Source file: <fig04.eps>
(epstopdf)                    date: 2016-09-30 00:53:16
(epstopdf)                    size: 312860 bytes
(epstopdf)             Output file: <fig04-eps-converted-to.pdf>
(epstopdf)                    date: 2016-09-30 00:53:16
(epstopdf)                    size: 85126 bytes
(epstopdf)             Command: <repstopdf --outfile=fig04-eps-converted-to.pdf
 fig04.eps>
(epstopdf)             \includegraphics on input line 249.
Package epstopdf Info: Output file is already uptodate.
<fig04-eps-converted-to.pdf, id=168, 463.7325pt x 475.7775pt>
File: fig04-eps-converted-to.pdf Graphic file (type pdf)

<use fig04-eps-converted-to.pdf>
Package pdftex.def Info: fig04-eps-converted-to.pdf used on input line 249.
(pdftex.def)             Requested size: 227.62204pt x 233.53955pt.
Package epstopdf Info: Source file: <fig05.eps>
(epstopdf)                    date: 2016-09-30 00:53:16
(epstopdf)                    size: 265777 bytes
(epstopdf)             Output file: <fig05-eps-converted-to.pdf>
(epstopdf)                    date: 2016-09-30 00:53:16
(epstopdf)                    size: 67651 bytes
(epstopdf)             Command: <repstopdf --outfile=fig05-eps-converted-to.pdf
 fig05.eps>
(epstopdf)             \includegraphics on input line 258.
Package epstopdf Info: Output file is already uptodate.

<fig05-eps-converted-to.pdf, id=170, 492.84125pt x 465.74pt>
File: fig05-eps-converted-to.pdf Graphic file (type pdf)

<use fig05-eps-converted-to.pdf>
Package pdftex.def Info: fig05-eps-converted-to.pdf used on input line 258.
(pdftex.def)             Requested size: 227.62204pt x 215.11pt.


LaTeX Warning: `!h' float specifier changed to `!ht'.

[5 <./fig03-eps-converted-to.pdf> <./fig04-eps-converted-to.pdf>]
Package epstopdf Info: Source file: <fig06.eps>
(epstopdf)                    date: 2016-09-30 00:53:16
(epstopdf)                    size: 204899 bytes
(epstopdf)             Output file: <fig06-eps-converted-to.pdf>
(epstopdf)                    date: 2016-09-30 00:53:16
(epstopdf)                    size: 51873 bytes
(epstopdf)             Command: <repstopdf --outfile=fig06-eps-converted-to.pdf
 fig06.eps>
(epstopdf)             \includegraphics on input line 272.
Package epstopdf Info: Output file is already uptodate.

<fig06-eps-converted-to.pdf, id=221, 388.45125pt x 371.3875pt>
File: fig06-eps-converted-to.pdf Graphic file (type pdf)

<use fig06-eps-converted-to.pdf>
Package pdftex.def Info: fig06-eps-converted-to.pdf used on input line 272.
(pdftex.def)             Requested size: 227.62204pt x 217.62631pt.

Overfull \hbox (11.31297pt too wide) in paragraph at lines 279--280
|   []   |   []   |   []   |   []   |   []   |   []   |   []   |   []   |   []
 []


Overfull \hbox (20.14745pt too wide) in paragraph at lines 279--280
|   []   |   []   |   []   |   []   |   []   |   []   |   []   |   []   |   [] 
  |   []
 []

Package epstopdf Info: Source file: <fig07.eps>
(epstopdf)                    date: 2016-09-30 00:53:16
(epstopdf)                    size: 103158 bytes
(epstopdf)             Output file: <fig07-eps-converted-to.pdf>
(epstopdf)                    date: 2016-09-30 00:53:16
(epstopdf)                    size: 26350 bytes
(epstopdf)             Command: <repstopdf --outfile=fig07-eps-converted-to.pdf
 fig07.eps>
(epstopdf)             \includegraphics on input line 289.
Package epstopdf Info: Output file is already uptodate.
<fig07-eps-converted-to.pdf, id=225, 536.0025pt x 296.10625pt>
File: fig07-eps-converted-to.pdf Graphic file (type pdf)

<use fig07-eps-converted-to.pdf>
Package pdftex.def Info: fig07-eps-converted-to.pdf used on input line 289.
(pdftex.def)             Requested size: 227.62204pt x 125.74634pt.


LaTeX Warning: `!h' float specifier changed to `!ht'.

Package epstopdf Info: Source file: <fig08.eps>
(epstopdf)                    date: 2017-01-09 13:06:57
(epstopdf)                    size: 116106 bytes
(epstopdf)             Output file: <fig08-eps-converted-to.pdf>
(epstopdf)                    date: 2017-01-09 13:15:17
(epstopdf)                    size: 28052 bytes
(epstopdf)             Command: <repstopdf --outfile=fig08-eps-converted-to.pdf
 fig08.eps>
(epstopdf)             \includegraphics on input line 299.
Package epstopdf Info: Output file is already uptodate.
<fig08-eps-converted-to.pdf, id=232, 422.57875pt x 315.1775pt>
File: fig08-eps-converted-to.pdf Graphic file (type pdf)

<use fig08-eps-converted-to.pdf>
Package pdftex.def Info: fig08-eps-converted-to.pdf used on input line 299.
(pdftex.def)             Requested size: 227.62204pt x 169.7749pt.


LaTeX Warning: `!h' float specifier changed to `!ht'.

[6 <./fig05-eps-converted-to.pdf> <./fig06-eps-converted-to.pdf>]
Package epstopdf Info: Source file: <fig09.eps>
(epstopdf)                    date: 2016-09-30 00:53:16
(epstopdf)                    size: 178580 bytes
(epstopdf)             Output file: <fig09-eps-converted-to.pdf>
(epstopdf)                    date: 2016-09-30 00:53:16
(epstopdf)                    size: 49586 bytes
(epstopdf)             Command: <repstopdf --outfile=fig09-eps-converted-to.pdf
 fig09.eps>
(epstopdf)             \includegraphics on input line 324.
Package epstopdf Info: Output file is already uptodate.

<fig09-eps-converted-to.pdf, id=305, 562.1pt x 165.61874pt>
File: fig09-eps-converted-to.pdf Graphic file (type pdf)

<use fig09-eps-converted-to.pdf>
Package pdftex.def Info: fig09-eps-converted-to.pdf used on input line 324.
(pdftex.def)             Requested size: 227.62204pt x 67.06763pt.

Overfull \hbox (3.00728pt too wide) in paragraph at lines 335--336
[]\OT1/cmr/m/n/10 The model sup-ports the sim-ple se-lec-tive ABE scheme
 []

[7 <./fig07-eps-converted-to.pdf> <./fig08-eps-converted-to.pdf> <./fig09-eps-c
onverted-to.pdf>]
Overfull \hbox (0.95287pt too wide) in paragraph at lines 339--343
\OT1/cmr/m/n/10 to an el-lip-tic curve. []|   []   |   []   |   []   |   []   |
   []   |   []
 []


Overfull \hbox (5.91455pt too wide) in paragraph at lines 339--343
|   []   |   []   |   []   |   []   |   []   |   []   |   []   |   []
 []


Overfull \hbox (5.73053pt too wide) in paragraph at lines 339--343
|   []   |   []   |   []   |   []   |   []   |   []   |   []   |   []   |   []
 []


Overfull \hbox (5.03456pt too wide) in paragraph at lines 339--343
|   []   |   []   |   []   |   []   |   []   |   []   |   []
 []


Overfull \hbox (8.84427pt too wide) in paragraph at lines 344--345
[]\OT1/cmr/m/n/10 Encrypted text $\OML/cmm/m/it/10 M$\OT1/cmr/m/n/10 , in []|  
 []   []con-text, $\OML/cmm/m/it/10 M \OT1/cmr/m/n/10 = \OML/cmm/m/it/10 FILE[]
KEY$\OT1/cmr/m/n/10 ,
 []


Overfull \hbox (154.25568pt too wide) in paragraph at lines 344--345
\OT1/cmr/m/n/10 text is kept along with the en-crypted text $\OML/cmm/m/it/10 E
$\OT1/cmr/m/n/10 : []|   []
 []


Overfull \hbox (11.64719pt too wide) in paragraph at lines 370--371
[]|   []   |   []   |   []   |   []   |   []   |   []   |   []   |   []   |   [
]
 []


Overfull \hbox (4.36958pt too wide) in paragraph at lines 395--396
\OT1/cmr/m/n/10 Com-po-nent Anal-y-sis and Model Or-der Se-lec-tion schemes
 []

[8]
Overfull \hbox (7.49417pt too wide) in paragraph at lines 413--416
[]|   []   |   []   |   []   |   []   |   []   |   []   |   []   |   []   |   [
]
 []

[9]
Overfull \hbox (1.81398pt too wide) in paragraph at lines 472--473
\OT1/cmr/m/n/10 y-sis. Two com-mon at-tack sce-nar-ios were an-a-lyzed. First,
 []


Overfull \hbox (2.28615pt too wide) in paragraph at lines 482--483
[]\OT1/cmr/m/n/10 Steal the user keys one-by-one while the mo-bile client
 []

[10]
Overfull \hbox (3.64265pt too wide) in paragraph at lines 554--555
[]\OT1/cmr/m/it/10 Usage of ex-pired pass-word to per-form unau-
 []

[11]
Overfull \hbox (0.25851pt too wide) in paragraph at lines 565--566
\OT1/cmr/m/n/10 pired pass-word to per-form unau-tho-rized op-er-a-tions, can
 []

[12]
Overfull \hbox (4.16017pt too wide) in paragraph at lines 627--628
\OT1/cmr/bx/it/10 Sys-tem Lo-ca-tion)\OT1/cmr/m/it/10 , [] \OT1/cmr/m/n/10 i.e.
 up-load re-quests in on-line mode,
 []


Overfull \hbox (2.13222pt too wide) in paragraph at lines 731--732
[]\OT1/cmr/m/n/10 Generates keys for J-PAKE $\OMS/cmsy/m/n/10 !$ \OT1/cmr/m/n/1
0 this can be a resource-
 []

[13]
Overfull \hbox (1.53635pt too wide) in paragraph at lines 745--746
\OT1/cmr/m/n/10 anomaly de-tec-tion from log anal-y-sis, mea-sur-ing the data
 []


Overfull \hbox (0.18906pt too wide) in paragraph at lines 747--748
\OT1/cmr/m/n/10 vices, Galaxy GT-I9300 and Galaxy Tab SM-T800, with
 []

[14]
Underfull \vbox (badness 10000) has occurred while \output is active []


Underfull \vbox (badness 10000) has occurred while \output is active []

 [15]
Overfull \hbox (2.86948pt too wide) in paragraph at lines 793--794
\OT1/cmr/m/n/10 use cloud-based sys-tems is how to pro-vide se-cu-rity mech-
 []

(./2016MONE.baseline.diff.blue.bbl
Underfull \hbox (badness 1496) in paragraph at lines 12--14
[]\OT1/cmr/m/n/10 (2016) Cloud se-cu-rity al-liance. URL []$https : / /
 []


Underfull \hbox (badness 4391) in paragraph at lines 29--32
\OT1/cmr/m/n/10 ciphercloud . com / blog / cloud -[] data -[] encryption -[]
 []


Underfull \hbox (badness 6461) in paragraph at lines 54--58
\OT1/cmr/m/n/10 u-lar se-cret shar-ing. In: Sym-bolic and Nu-
 []


Underfull \hbox (badness 4673) in paragraph at lines 77--81
[]\OT1/cmr/m/n/10 Higashi M (2015) Cloud data se-cu-rity and
 []


Underfull \hbox (badness 3417) in paragraph at lines 77--81
\OT1/cmr/m/n/10 compliance -[] with -[] encryption -[] and -[] tokenization/$[]
,
 []


Underfull \vbox (badness 10000) has occurred while \output is active []

 [16]
Underfull \hbox (badness 1708) in paragraph at lines 100--103
\OT1/cmr/m/n/10 Report -[] mobile -[] cyberthreats -[] web . pdf$[], ac-cessed:

 []


Underfull \hbox (badness 4608) in paragraph at lines 141--144
\OT1/cmr/m/n/10 and com-pro-mise re-silient stor-age out-sourc-ing
 []


Underfull \hbox (badness 1701) in paragraph at lines 141--144
\OT1/cmr/m/n/10 with dis-tributed se-cure ac-ces-si-bil-ity in mo-bile
 []


Underfull \vbox (badness 10000) has occurred while \output is active []


Underfull \hbox (badness 2253) in paragraph at lines 156--160
\OT1/cmr/m/n/10 overridelayout = true & 58725087881424$[], ac-cessed:
 []

)
Package atveryend Info: Empty hook `BeforeClearDocument' on input line 808.
 [17]
Package atveryend Info: Empty hook `AfterLastShipout' on input line 808.
 (./2016MONE.baseline.diff.blue.aux)
Package atveryend Info: Executing hook `AtVeryEndDocument' on input line 808.
Package atveryend Info: Executing hook `AtEndAfterFileList' on input line 808.
Package rerunfilecheck Info: File `2016MONE.baseline.diff.blue.out' has not cha
nged.
(rerunfilecheck)             Checksum: 2E45940801D94A855DF328911B5B045C;450.


LaTeX Warning: There were multiply-defined labels.

Package atveryend Info: Empty hook `AtVeryVeryEnd' on input line 808.
 ) 
Here is how much of TeX's memory you used:
 8626 strings out of 493304
 125448 string characters out of 6139871
 250500 words of memory out of 5000000
 11753 multiletter control sequences out of 15000+600000
 15052 words of font info for 57 fonts, out of 8000000 for 9000
 957 hyphenation exceptions out of 8191
 42i,16n,33p,1327b,595s stack positions out of 5000i,500n,10000p,200000b,80000s
</usr/share/texlive/texmf-dist/fonts/type1/public/amsfonts/cm/cmbsy10.pfb></u
sr/share/texlive/texmf-dist/fonts/type1/public/amsfonts/cm/cmbx10.pfb></usr/sha
re/texlive/texmf-dist/fonts/type1/public/amsfonts/cm/cmbx12.pfb></usr/share/tex
live/texmf-dist/fonts/type1/public/amsfonts/cm/cmbx8.pfb></usr/share/texlive/te
xmf-dist/fonts/type1/public/amsfonts/cm/cmbxti10.pfb></usr/share/texlive/texmf-
dist/fonts/type1/public/amsfonts/cm/cmex10.pfb></usr/share/texlive/texmf-dist/f
onts/type1/public/amsfonts/cm/cmmi10.pfb></usr/share/texlive/texmf-dist/fonts/t
ype1/public/amsfonts/cm/cmmi5.pfb></usr/share/texlive/texmf-dist/fonts/type1/pu
blic/amsfonts/cm/cmmi7.pfb></usr/share/texlive/texmf-dist/fonts/type1/public/am
sfonts/cm/cmmib10.pfb></usr/share/texlive/texmf-dist/fonts/type1/public/amsfont
s/cm/cmr10.pfb></usr/share/texlive/texmf-dist/fonts/type1/public/amsfonts/cm/cm
r5.pfb></usr/share/texlive/texmf-dist/fonts/type1/public/amsfonts/cm/cmr7.pfb><
/usr/share/texlive/texmf-dist/fonts/type1/public/amsfonts/cm/cmr8.pfb></usr/sha
re/texlive/texmf-dist/fonts/type1/public/amsfonts/cm/cmsy10.pfb></usr/share/tex
live/texmf-dist/fonts/type1/public/amsfonts/cm/cmsy7.pfb></usr/share/texlive/te
xmf-dist/fonts/type1/public/amsfonts/cm/cmsy8.pfb></usr/share/texlive/texmf-dis
t/fonts/type1/public/amsfonts/cm/cmti10.pfb></usr/share/texlive/texmf-dist/font
s/type1/public/amsfonts/latxfont/lasy6.pfb></usr/share/texlive/texmf-dist/fonts
/type1/public/amsfonts/symbols/msbm10.pfb>
Output written on 2016MONE.baseline.diff.blue.pdf (17 pages, 818172 bytes).
PDF statistics:
 671 PDF objects out of 1000 (max. 8388607)
 594 compressed objects within 6 object streams
 189 named destinations out of 1000 (max. 500000)
 102 words of extra memory for PDF output out of 10000 (max. 10000000)

