\BOOKMARK [1][-]{section.1}{Introduction}{}% 1
\BOOKMARK [1][-]{section.2}{Related Works}{}% 2
\BOOKMARK [1][-]{section.3}{Data Model}{}% 3
\BOOKMARK [2][-]{subsection.3.1}{Analyzed Scenario and Data Collection}{section.3}% 4
\BOOKMARK [2][-]{subsection.3.2}{Modeling Data}{section.3}% 5
\BOOKMARK [2][-]{subsection.3.3}{Synflood, Fraggle and Port scan}{section.3}% 6
\BOOKMARK [2][-]{subsection.3.4}{The DARPA Dataset}{section.3}% 7
\BOOKMARK [1][-]{section.4}{Proposed Framework for Detection and Identification of Network Attacks}{}% 8
\BOOKMARK [2][-]{subsection.4.1}{Largest Eigenvalue by Time Frames}{section.4}% 9
\BOOKMARK [2][-]{subsection.4.2}{MOS Schemes}{section.4}% 10
\BOOKMARK [2][-]{subsection.4.3}{Eigenvalue Analysis}{section.4}% 11
\BOOKMARK [2][-]{subsection.4.4}{Eigen Similarity Analysis}{section.4}% 12
\BOOKMARK [3][-]{subsubsection.4.4.1}{Time Similarity Analysis}{subsection.4.4}% 13
\BOOKMARK [3][-]{subsubsection.4.4.2}{Port Similarity Analysis}{subsection.4.4}% 14
\BOOKMARK [1][-]{section.5}{Experiments and Results}{}% 15
\BOOKMARK [2][-]{subsection.5.1}{Experimental Scenario}{section.5}% 16
\BOOKMARK [2][-]{subsection.5.2}{Largest Eigenvalues Analysis}{section.5}% 17
\BOOKMARK [2][-]{subsection.5.3}{MOS Schemes Evaluation}{section.5}% 18
\BOOKMARK [2][-]{subsection.5.4}{Eigenvalue Analysis}{section.5}% 19
\BOOKMARK [2][-]{subsection.5.5}{Eigen Similarity Analysis}{section.5}% 20
\BOOKMARK [3][-]{subsubsection.5.5.1}{Time Analysis}{subsection.5.5}% 21
\BOOKMARK [3][-]{subsubsection.5.5.2}{Port Analysis}{subsection.5.5}% 22
\BOOKMARK [2][-]{subsection.5.6}{DARPA Scenario}{section.5}% 23
\BOOKMARK [1][-]{section.6}{Performance Evaluation}{}% 24
\BOOKMARK [2][-]{subsection.6.1}{Complexity Analysis}{section.6}% 25
\BOOKMARK [2][-]{subsection.6.2}{Processing Time Analysis}{section.6}% 26
\BOOKMARK [1][-]{section.7}{Conclusion and Future Works}{}% 27
\BOOKMARK [1][-]{appendix.A}{Model Order Selection \(MOS\)}{}% 28
